<?xml version="1.0" encoding="UTF-8"?>
<!-- Generated by org.testng.reporters.JUnitReportReporter -->
<testsuite skipped="1" hostname="ATMECSBLRLT-016" name="PhpTravels.Phptravels" tests="2" failures="0" timestamp="2020-09-20T12:28:11 IST" time="0.013" errors="1">
  <testcase name="site" time="0.013" classname="PhpTravels.Phptravels">
    <error type="java.lang.Error" message="Unresolved compilation problems: 
	Type mismatch: cannot convert from ChromeDriver to WebDriver
	The method to(String) is undefined for the type Object
	Cannot cast from WebDriver to JavascriptExecutor
	The method window() is undefined for the type Object
	The method timeouts() is undefined for the type Object
">
      <![CDATA[java.lang.Error: Unresolved compilation problems: 
Type mismatch: cannot convert from ChromeDriver to WebDriver
The method to(String) is undefined for the type Object
Cannot cast from WebDriver to JavascriptExecutor
The method window() is undefined for the type Object
The method timeouts() is undefined for the type Object

at PhpTravels.Phptravels.site(Phptravels.java:46)
at sun.reflect.NativeMethodAccessorImpl.invoke0(Native Method)
at sun.reflect.NativeMethodAccessorImpl.invoke(Unknown Source)
at sun.reflect.DelegatingMethodAccessorImpl.invoke(Unknown Source)
at java.lang.reflect.Method.invoke(Unknown Source)
at org.testng.internal.MethodInvocationHelper.invokeMethod(MethodInvocationHelper.java:132)
at org.testng.internal.MethodInvocationHelper.invokeMethodConsideringTimeout(MethodInvocationHelper.java:61)
at org.testng.internal.ConfigInvoker.invokeConfigurationMethod(ConfigInvoker.java:366)
at org.testng.internal.ConfigInvoker.invokeConfigurations(ConfigInvoker.java:320)
at org.testng.TestRunner.invokeTestConfigurations(TestRunner.java:617)
at org.testng.TestRunner.beforeRun(TestRunner.java:607)
at org.testng.TestRunner.run(TestRunner.java:578)
at org.testng.SuiteRunner.runTest(SuiteRunner.java:384)
at org.testng.SuiteRunner.runSequentially(SuiteRunner.java:378)
at org.testng.SuiteRunner.privateRun(SuiteRunner.java:337)
at org.testng.SuiteRunner.run(SuiteRunner.java:286)
at org.testng.SuiteRunnerWorker.runSuite(SuiteRunnerWorker.java:53)
at org.testng.SuiteRunnerWorker.run(SuiteRunnerWorker.java:96)
at org.testng.TestNG.runSuitesSequentially(TestNG.java:1218)
at org.testng.TestNG.runSuitesLocally(TestNG.java:1140)
at org.testng.TestNG.runSuites(TestNG.java:1069)
at org.testng.TestNG.run(TestNG.java:1037)
at org.testng.remote.AbstractRemoteTestNG.run(AbstractRemoteTestNG.java:115)
at org.testng.remote.RemoteTestNG.initAndRun(RemoteTestNG.java:251)
at org.testng.remote.RemoteTestNG.main(RemoteTestNG.java:77)
]]>
    </error>
  </testcase> <!-- site -->
  <system-out/>
  <testcase name="login" time="0.000" classname="PhpTravels.Phptravels">
    <skipped/>
  </testcase> <!-- login -->
  <system-out/>
</testsuite> <!-- PhpTravels.Phptravels -->
