<?xml version="1.0" encoding="UTF-8"?>
<!-- Generated by org.testng.reporters.JUnitReportReporter -->
<testsuite skipped="0" hostname="ATMECSBLRLT-016" name="FirstProgram" tests="1" failures="0" timestamp="2020-09-19T20:00:37 IST" time="0.004" errors="0">
  <testcase name="Case1" time="0.004" classname="FirstProgram"/>
  <system-out/>
</testsuite> <!-- FirstProgram -->
