<?xml version="1.0" encoding="UTF-8"?>
<!-- Generated by org.testng.reporters.JUnitReportReporter -->
<testsuite skipped="0" hostname="ATMECSBLRLT-016" name="Example1.TestNgMavenExampleTest" tests="1" failures="0" timestamp="2020-09-19T14:25:39 IST" time="0.008" errors="0">
  <testcase name="exampleOfTestNgMaven" time="0.008" classname="Example1.TestNgMavenExampleTest"/>
  <system-out/>
</testsuite> <!-- Example1.TestNgMavenExampleTest -->
